This is pdfTeX, Version 3.14159265-2.6-1.40.18 (TeX Live 2017/W32TeX) (preloaded format=pdflatex 2017.9.26)  30 NOV 2017 16:18
entering extended mode
 restricted \write18 enabled.
 %&-line parsing enabled.
**./combine.tex
(./combine.tex
LaTeX2e <2017-04-15>
Babel <3.13> and hyphenation patterns for 84 language(s) loaded.
(c:/texlive/2016/texmf-dist/tex/latex/base/article.cls
Document Class: article 2014/09/29 v1.4h Standard LaTeX document class
(c:/texlive/2016/texmf-dist/tex/latex/base/size10.clo
File: size10.clo 2014/09/29 v1.4h Standard LaTeX file (size option)
)
\c@part=\count79
\c@section=\count80
\c@subsection=\count81
\c@subsubsection=\count82
\c@paragraph=\count83
\c@subparagraph=\count84
\c@figure=\count85
\c@table=\count86
\abovecaptionskip=\skip41
\belowcaptionskip=\skip42
\bibindent=\dimen102
)
(c:/texlive/2016/texmf-dist/tex/latex/pdfpages/pdfpages.sty
Package: pdfpages 2017/08/14 v0.5k Insert pages of external PDF documents (AM)

(c:/texlive/2016/texmf-dist/tex/latex/base/ifthen.sty
Package: ifthen 2014/09/29 v1.1c Standard LaTeX ifthen package (DPC)
)
(c:/texlive/2016/texmf-dist/tex/latex/tools/calc.sty
Package: calc 2014/10/28 v4.3 Infix arithmetic (KKT,FJ)
\calc@Acount=\count87
\calc@Bcount=\count88
\calc@Adimen=\dimen103
\calc@Bdimen=\dimen104
\calc@Askip=\skip43
\calc@Bskip=\skip44
LaTeX Info: Redefining \setlength on input line 80.
LaTeX Info: Redefining \addtolength on input line 81.
\calc@Ccount=\count89
\calc@Cskip=\skip45
)
(c:/texlive/2016/texmf-dist/tex/latex/eso-pic/eso-pic.sty
Package: eso-pic 2015/07/21 v2.0g eso-pic (RN)

(c:/texlive/2016/texmf-dist/tex/generic/oberdiek/atbegshi.sty
Package: atbegshi 2016/06/09 v1.18 At begin shipout hook (HO)

(c:/texlive/2016/texmf-dist/tex/generic/oberdiek/infwarerr.sty
Package: infwarerr 2016/05/16 v1.4 Providing info/warning/error messages (HO)
)
(c:/texlive/2016/texmf-dist/tex/generic/oberdiek/ltxcmds.sty
Package: ltxcmds 2016/05/16 v1.23 LaTeX kernel commands for general use (HO)
)
(c:/texlive/2016/texmf-dist/tex/generic/oberdiek/ifpdf.sty
Package: ifpdf 2017/03/15 v3.2 Provides the ifpdf switch
))
(c:/texlive/2016/texmf-dist/tex/latex/graphics/keyval.sty
Package: keyval 2014/10/28 v1.15 key=value parser (DPC)
\KV@toks@=\toks14
)
(c:/texlive/2016/texmf-dist/tex/latex/xcolor/xcolor.sty
Package: xcolor 2016/05/11 v2.12 LaTeX color extensions (UK)

(c:/texlive/2016/texmf-dist/tex/latex/graphics-cfg/color.cfg
File: color.cfg 2016/01/02 v1.6 sample color configuration
)
Package xcolor Info: Driver file: pdftex.def on input line 225.

(c:/texlive/2016/texmf-dist/tex/latex/graphics-def/pdftex.def
File: pdftex.def 2017/06/24 v1.0g Graphics/color driver for pdftex
)
Package xcolor Info: Model `cmy' substituted by `cmy0' on input line 1348.
Package xcolor Info: Model `hsb' substituted by `rgb' on input line 1352.
Package xcolor Info: Model `RGB' extended on input line 1364.
Package xcolor Info: Model `HTML' substituted by `rgb' on input line 1366.
Package xcolor Info: Model `Hsb' substituted by `hsb' on input line 1367.
Package xcolor Info: Model `tHsb' substituted by `hsb' on input line 1368.
Package xcolor Info: Model `HSB' substituted by `hsb' on input line 1369.
Package xcolor Info: Model `Gray' substituted by `gray' on input line 1370.
Package xcolor Info: Model `wave' substituted by `hsb' on input line 1371.
))
(c:/texlive/2016/texmf-dist/tex/latex/graphics/graphicx.sty
Package: graphicx 2017/06/01 v1.1a Enhanced LaTeX Graphics (DPC,SPQR)

(c:/texlive/2016/texmf-dist/tex/latex/graphics/graphics.sty
Package: graphics 2017/06/25 v1.2c Standard LaTeX Graphics (DPC,SPQR)

(c:/texlive/2016/texmf-dist/tex/latex/graphics/trig.sty
Package: trig 2016/01/03 v1.10 sin cos tan (DPC)
)
(c:/texlive/2016/texmf-dist/tex/latex/graphics-cfg/graphics.cfg
File: graphics.cfg 2016/06/04 v1.11 sample graphics configuration
)
Package graphics Info: Driver file: pdftex.def on input line 99.
)
\Gin@req@height=\dimen105
\Gin@req@width=\dimen106
)
\AM@pagewidth=\dimen107
\AM@pageheight=\dimen108

(c:/texlive/2016/texmf-dist/tex/latex/pdfpages/pppdftex.def
File: pppdftex.def 2017/08/14 v0.5k Pdfpages driver for pdfTeX (AM)
)
\AM@pagebox=\box26
\AM@global@opts=\toks15
\AM@toc@title=\toks16
\c@AM@survey=\count90
\AM@templatesizebox=\box27
) (./combine.aux)
\openout1 = `combine.aux'.

LaTeX Font Info:    Checking defaults for OML/cmm/m/it on input line 4.
LaTeX Font Info:    ... okay on input line 4.
LaTeX Font Info:    Checking defaults for T1/cmr/m/n on input line 4.
LaTeX Font Info:    ... okay on input line 4.
LaTeX Font Info:    Checking defaults for OT1/cmr/m/n on input line 4.
LaTeX Font Info:    ... okay on input line 4.
LaTeX Font Info:    Checking defaults for OMS/cmsy/m/n on input line 4.
LaTeX Font Info:    ... okay on input line 4.
LaTeX Font Info:    Checking defaults for OMX/cmex/m/n on input line 4.
LaTeX Font Info:    ... okay on input line 4.
LaTeX Font Info:    Checking defaults for U/cmr/m/n on input line 4.
LaTeX Font Info:    ... okay on input line 4.
\AtBeginShipoutBox=\box28

(c:/texlive/2016/texmf-dist/tex/context/base/mkii/supp-pdf.mkii
[Loading MPS to PDF converter (version 2006.09.02).]
\scratchcounter=\count91
\scratchdimen=\dimen109
\scratchbox=\box29
\nofMPsegments=\count92
\nofMParguments=\count93
\everyMPshowfont=\toks17
\MPscratchCnt=\count94
\MPscratchDim=\dimen110
\MPnumerator=\count95
\makeMPintoPDFobject=\count96
\everyMPtoPDFconversion=\toks18
) (c:/texlive/2016/texmf-dist/tex/latex/oberdiek/epstopdf-base.sty
Package: epstopdf-base 2016/05/15 v2.6 Base part for package epstopdf

(c:/texlive/2016/texmf-dist/tex/latex/oberdiek/grfext.sty
Package: grfext 2016/05/16 v1.2 Manage graphics extensions (HO)

(c:/texlive/2016/texmf-dist/tex/generic/oberdiek/kvdefinekeys.sty
Package: kvdefinekeys 2016/05/16 v1.4 Define keys (HO)
))
(c:/texlive/2016/texmf-dist/tex/latex/oberdiek/kvoptions.sty
Package: kvoptions 2016/05/16 v3.12 Key value format for package options (HO)

(c:/texlive/2016/texmf-dist/tex/generic/oberdiek/kvsetkeys.sty
Package: kvsetkeys 2016/05/16 v1.17 Key value parser (HO)

(c:/texlive/2016/texmf-dist/tex/generic/oberdiek/etexcmds.sty
Package: etexcmds 2016/05/16 v1.6 Avoid name clashes with e-TeX commands (HO)

(c:/texlive/2016/texmf-dist/tex/generic/oberdiek/ifluatex.sty
Package: ifluatex 2016/05/16 v1.4 Provides the ifluatex switch (HO)
Package ifluatex Info: LuaTeX not detected.
)
Package etexcmds Info: Could not find \expanded.
(etexcmds)             That can mean that you are not using pdfTeX 1.50 or
(etexcmds)             that some package has redefined \expanded.
(etexcmds)             In the latter case, load this package earlier.
)))
(c:/texlive/2016/texmf-dist/tex/generic/oberdiek/pdftexcmds.sty
Package: pdftexcmds 2017/03/19 v0.25 Utility functions of pdfTeX for LuaTeX (HO
)
Package pdftexcmds Info: LuaTeX not detected.
Package pdftexcmds Info: \pdf@primitive is available.
Package pdftexcmds Info: \pdf@ifprimitive is available.
Package pdftexcmds Info: \pdfdraftmode found.
)
Package epstopdf-base Info: Redefining graphics rule for `.eps' on input line 4
38.
Package grfext Info: Graphics extension search list:
(grfext)             [.pdf,.png,.jpg,.mps,.jpeg,.jbig2,.jb2,.PDF,.PNG,.JPG,.JPE
G,.JBIG2,.JB2,.eps]
(grfext)             \AppendGraphicsExtensions on input line 456.

(c:/texlive/2016/texmf-dist/tex/latex/latexconfig/epstopdf-sys.cfg
File: epstopdf-sys.cfg 2010/07/13 v1.3 Configuration of (r)epstopdf for TeX Liv
e
))
(c:/texlive/2016/texmf-dist/tex/latex/oberdiek/pdflscape.sty
Package: pdflscape 2016/05/14 v0.11 Display of landscape pages in PDF (HO)

(c:/texlive/2016/texmf-dist/tex/latex/graphics/lscape.sty
Package: lscape 2000/10/22 v3.01 Landscape Pages (DPC)
)
Package pdflscape Info: Auto-detected driver: pdftex on input line 81.

(c:/texlive/2016/texmf-dist/tex/generic/ifxetex/ifxetex.sty
Package: ifxetex 2010/09/12 v0.6 Provides ifxetex conditional
))
<../before_body/before_body.pdf, id=1, pagebox=cropbox, 614.295pt x 794.97pt>
File: ../before_body/before_body.pdf Graphic file (type pdf)
<use ../before_body/before_body.pdf>
Package pdftex.def Info: ../before_body/before_body.pdf  used on input line 6. 
on input line 6.
Package pdftex.def Info: Requested size: 614.29349pt x 794.96806pt on input lin
e 6.
File: ../before_body/before_body.pdf Graphic file (type pdf)
<use ../before_body/before_body.pdf>
Package pdftex.def Info: ../before_body/before_body.pdf  used on input line 6. 
on input line 6.
Package pdftex.def Info: Requested size: 614.29349pt x 794.96806pt on input lin
e 6.
<../before_body/before_body.pdf, id=4, page=1, pagebox=cropbox, 614.295pt x 794
.97pt>
File: ../before_body/before_body.pdf Graphic file (type pdf)
<use ../before_body/before_body.pdf, page 1>
Package pdftex.def Info: ../before_body/before_body.pdf , page1 used on input l
ine 6. on input line 6.
Package pdftex.def Info: Requested size: 614.29349pt x 794.96806pt on input lin
e 6.
File: ../before_body/before_body.pdf Graphic file (type pdf)
<use ../before_body/before_body.pdf, page 1>
Package pdftex.def Info: ../before_body/before_body.pdf , page1 used on input l
ine 6. on input line 6.
Package pdftex.def Info: Requested size: 614.58406pt x 795.3441pt on input line
 6.
File: ../before_body/before_body.pdf Graphic file (type pdf)
<use ../before_body/before_body.pdf, page 1>
Package pdftex.def Info: ../before_body/before_body.pdf , page1 used on input l
ine 6. on input line 6.
Package pdftex.def Info: Requested size: 614.58406pt x 795.3441pt on input line
 6.
File: ../before_body/before_body.pdf Graphic file (type pdf)
<use ../before_body/before_body.pdf, page 1>
Package pdftex.def Info: ../before_body/before_body.pdf , page1 used on input l
ine 6. on input line 6.
Package pdftex.def Info: Requested size: 614.58406pt x 795.3441pt on input line
 6.
File: ../before_body/before_body.pdf Graphic file (type pdf)
<use ../before_body/before_body.pdf, page 1>
Package pdftex.def Info: ../before_body/before_body.pdf , page1 used on input l
ine 6. on input line 6.
Package pdftex.def Info: Requested size: 614.58406pt x 795.3441pt on input line
 6.
 [1

 <../before_body/before_body.pdf{c:/texlive/2016/texmf-var/fonts/map/pdftex/upd
map/pdftex.map}>]
<../before_body/before_body.pdf, id=25, page=2, pagebox=cropbox, 614.295pt x 79
4.97pt>
File: ../before_body/before_body.pdf Graphic file (type pdf)
<use ../before_body/before_body.pdf, page 2>
Package pdftex.def Info: ../before_body/before_body.pdf , page2 used on input l
ine 6. on input line 6.
Package pdftex.def Info: Requested size: 614.58406pt x 795.3441pt on input line
 6.
File: ../before_body/before_body.pdf Graphic file (type pdf)
<use ../before_body/before_body.pdf, page 2>
Package pdftex.def Info: ../before_body/before_body.pdf , page2 used on input l
ine 6. on input line 6.
Package pdftex.def Info: Requested size: 614.58406pt x 795.3441pt on input line
 6.
File: ../before_body/before_body.pdf Graphic file (type pdf)
<use ../before_body/before_body.pdf, page 2>
Package pdftex.def Info: ../before_body/before_body.pdf , page2 used on input l
ine 6. on input line 6.
Package pdftex.def Info: Requested size: 614.58406pt x 795.3441pt on input line
 6.
 [2 <../before_body/before_body.pdf>]
<../before_body/before_body.pdf, id=32, page=3, pagebox=cropbox, 614.295pt x 79
4.97pt>
File: ../before_body/before_body.pdf Graphic file (type pdf)
<use ../before_body/before_body.pdf, page 3>
Package pdftex.def Info: ../before_body/before_body.pdf , page3 used on input l
ine 6. on input line 6.
Package pdftex.def Info: Requested size: 614.58406pt x 795.3441pt on input line
 6.
File: ../before_body/before_body.pdf Graphic file (type pdf)
<use ../before_body/before_body.pdf, page 3>
Package pdftex.def Info: ../before_body/before_body.pdf , page3 used on input l
ine 6. on input line 6.
Package pdftex.def Info: Requested size: 614.58406pt x 795.3441pt on input line
 6.
File: ../before_body/before_body.pdf Graphic file (type pdf)
<use ../before_body/before_body.pdf, page 3>
Package pdftex.def Info: ../before_body/before_body.pdf , page3 used on input l
ine 6. on input line 6.
Package pdftex.def Info: Requested size: 614.58406pt x 795.3441pt on input line
 6.
 [3 <../before_body/before_body.pdf>]
<../before_body/before_body.pdf, id=46, page=4, pagebox=cropbox, 614.295pt x 79
4.97pt>
File: ../before_body/before_body.pdf Graphic file (type pdf)
<use ../before_body/before_body.pdf, page 4>
Package pdftex.def Info: ../before_body/before_body.pdf , page4 used on input l
ine 6. on input line 6.
Package pdftex.def Info: Requested size: 614.58406pt x 795.3441pt on input line
 6.
File: ../before_body/before_body.pdf Graphic file (type pdf)
<use ../before_body/before_body.pdf, page 4>
Package pdftex.def Info: ../before_body/before_body.pdf , page4 used on input l
ine 6. on input line 6.
Package pdftex.def Info: Requested size: 614.58406pt x 795.3441pt on input line
 6.
File: ../before_body/before_body.pdf Graphic file (type pdf)
<use ../before_body/before_body.pdf, page 4>
Package pdftex.def Info: ../before_body/before_body.pdf , page4 used on input l
ine 6. on input line 6.
Package pdftex.def Info: Requested size: 614.58406pt x 795.3441pt on input line
 6.

[4 <../before_body/before_body.pdf>]
<../before_body/before_body.pdf, id=50, page=5, pagebox=cropbox, 614.295pt x 79
4.97pt>
File: ../before_body/before_body.pdf Graphic file (type pdf)
<use ../before_body/before_body.pdf, page 5>
Package pdftex.def Info: ../before_body/before_body.pdf , page5 used on input l
ine 6. on input line 6.
Package pdftex.def Info: Requested size: 614.58406pt x 795.3441pt on input line
 6.
File: ../before_body/before_body.pdf Graphic file (type pdf)
<use ../before_body/before_body.pdf, page 5>
Package pdftex.def Info: ../before_body/before_body.pdf , page5 used on input l
ine 6. on input line 6.
Package pdftex.def Info: Requested size: 614.58406pt x 795.3441pt on input line
 6.
File: ../before_body/before_body.pdf Graphic file (type pdf)
<use ../before_body/before_body.pdf, page 5>
Package pdftex.def Info: ../before_body/before_body.pdf , page5 used on input l
ine 6. on input line 6.
Package pdftex.def Info: Requested size: 614.58406pt x 795.3441pt on input line
 6.
 [5 <../before_body/before_body.pdf>]
<../before_body/before_body.pdf, id=54, page=6, pagebox=cropbox, 614.295pt x 79
4.97pt>
File: ../before_body/before_body.pdf Graphic file (type pdf)
<use ../before_body/before_body.pdf, page 6>
Package pdftex.def Info: ../before_body/before_body.pdf , page6 used on input l
ine 6. on input line 6.
Package pdftex.def Info: Requested size: 614.58406pt x 795.3441pt on input line
 6.
File: ../before_body/before_body.pdf Graphic file (type pdf)
<use ../before_body/before_body.pdf, page 6>
Package pdftex.def Info: ../before_body/before_body.pdf , page6 used on input l
ine 6. on input line 6.
Package pdftex.def Info: Requested size: 614.58406pt x 795.3441pt on input line
 6.
File: ../before_body/before_body.pdf Graphic file (type pdf)
<use ../before_body/before_body.pdf, page 6>
Package pdftex.def Info: ../before_body/before_body.pdf , page6 used on input l
ine 6. on input line 6.
Package pdftex.def Info: Requested size: 614.58406pt x 795.3441pt on input line
 6.

[6 <../before_body/before_body.pdf>]
<../output/thesis.pdf, id=68, pagebox=cropbox, 614.295pt x 794.97pt>
File: ../output/thesis.pdf Graphic file (type pdf)
<use ../output/thesis.pdf>
Package pdftex.def Info: ../output/thesis.pdf  used on input line 7. on input l
ine 7.
Package pdftex.def Info: Requested size: 614.29349pt x 794.96806pt on input lin
e 7.
File: ../output/thesis.pdf Graphic file (type pdf)
<use ../output/thesis.pdf>
Package pdftex.def Info: ../output/thesis.pdf  used on input line 7. on input l
ine 7.
Package pdftex.def Info: Requested size: 614.29349pt x 794.96806pt on input lin
e 7.
<../output/thesis.pdf, id=71, page=1, pagebox=cropbox, 614.295pt x 794.97pt>
File: ../output/thesis.pdf Graphic file (type pdf)
<use ../output/thesis.pdf, page 1>
Package pdftex.def Info: ../output/thesis.pdf , page1 used on input line 7. on 
input line 7.
Package pdftex.def Info: Requested size: 614.29349pt x 794.96806pt on input lin
e 7.
File: ../output/thesis.pdf Graphic file (type pdf)
<use ../output/thesis.pdf, page 1>
Package pdftex.def Info: ../output/thesis.pdf , page1 used on input line 7. on 
input line 7.
Package pdftex.def Info: Requested size: 614.58406pt x 795.3441pt on input line
 7.
File: ../output/thesis.pdf Graphic file (type pdf)
<use ../output/thesis.pdf, page 1>
Package pdftex.def Info: ../output/thesis.pdf , page1 used on input line 7. on 
input line 7.
Package pdftex.def Info: Requested size: 614.58406pt x 795.3441pt on input line
 7.
File: ../output/thesis.pdf Graphic file (type pdf)
<use ../output/thesis.pdf, page 1>
Package pdftex.def Info: ../output/thesis.pdf , page1 used on input line 7. on 
input line 7.
Package pdftex.def Info: Requested size: 614.58406pt x 795.3441pt on input line
 7.
File: ../output/thesis.pdf Graphic file (type pdf)
<use ../output/thesis.pdf, page 1>
Package pdftex.def Info: ../output/thesis.pdf , page1 used on input line 7. on 
input line 7.
Package pdftex.def Info: Requested size: 614.58406pt x 795.3441pt on input line
 7.
 [7 <../output/thesis.pdf>]
<../output/thesis.pdf, id=83, page=2, pagebox=cropbox, 614.295pt x 794.97pt>
File: ../output/thesis.pdf Graphic file (type pdf)
<use ../output/thesis.pdf, page 2>
Package pdftex.def Info: ../output/thesis.pdf , page2 used on input line 7. on 
input line 7.
Package pdftex.def Info: Requested size: 614.58406pt x 795.3441pt on input line
 7.
File: ../output/thesis.pdf Graphic file (type pdf)
<use ../output/thesis.pdf, page 2>
Package pdftex.def Info: ../output/thesis.pdf , page2 used on input line 7. on 
input line 7.
Package pdftex.def Info: Requested size: 614.58406pt x 795.3441pt on input line
 7.
File: ../output/thesis.pdf Graphic file (type pdf)
<use ../output/thesis.pdf, page 2>
Package pdftex.def Info: ../output/thesis.pdf , page2 used on input line 7. on 
input line 7.
Package pdftex.def Info: Requested size: 614.58406pt x 795.3441pt on input line
 7.
 [8 <../output/thesis.pdf>]
<../output/thesis.pdf, id=87, page=3, pagebox=cropbox, 614.295pt x 794.97pt>
File: ../output/thesis.pdf Graphic file (type pdf)
<use ../output/thesis.pdf, page 3>
Package pdftex.def Info: ../output/thesis.pdf , page3 used on input line 7. on 
input line 7.
Package pdftex.def Info: Requested size: 614.58406pt x 795.3441pt on input line
 7.
File: ../output/thesis.pdf Graphic file (type pdf)
<use ../output/thesis.pdf, page 3>
Package pdftex.def Info: ../output/thesis.pdf , page3 used on input line 7. on 
input line 7.
Package pdftex.def Info: Requested size: 614.58406pt x 795.3441pt on input line
 7.
File: ../output/thesis.pdf Graphic file (type pdf)
<use ../output/thesis.pdf, page 3>
Package pdftex.def Info: ../output/thesis.pdf , page3 used on input line 7. on 
input line 7.
Package pdftex.def Info: Requested size: 614.58406pt x 795.3441pt on input line
 7.
 [9 <../output/thesis.pdf>]
<../output/thesis.pdf, id=91, page=4, pagebox=cropbox, 614.295pt x 794.97pt>
File: ../output/thesis.pdf Graphic file (type pdf)
<use ../output/thesis.pdf, page 4>
Package pdftex.def Info: ../output/thesis.pdf , page4 used on input line 7. on 
input line 7.
Package pdftex.def Info: Requested size: 614.58406pt x 795.3441pt on input line
 7.
File: ../output/thesis.pdf Graphic file (type pdf)
<use ../output/thesis.pdf, page 4>
Package pdftex.def Info: ../output/thesis.pdf , page4 used on input line 7. on 
input line 7.
Package pdftex.def Info: Requested size: 614.58406pt x 795.3441pt on input line
 7.
File: ../output/thesis.pdf Graphic file (type pdf)
<use ../output/thesis.pdf, page 4>
Package pdftex.def Info: ../output/thesis.pdf , page4 used on input line 7. on 
input line 7.
Package pdftex.def Info: Requested size: 614.58406pt x 795.3441pt on input line
 7.
 [10 <../output/thesis.pdf>]
<../output/thesis.pdf, id=98, page=5, pagebox=cropbox, 614.295pt x 794.97pt>
File: ../output/thesis.pdf Graphic file (type pdf)
<use ../output/thesis.pdf, page 5>
Package pdftex.def Info: ../output/thesis.pdf , page5 used on input line 7. on 
input line 7.
Package pdftex.def Info: Requested size: 614.58406pt x 795.3441pt on input line
 7.
File: ../output/thesis.pdf Graphic file (type pdf)
<use ../output/thesis.pdf, page 5>
Package pdftex.def Info: ../output/thesis.pdf , page5 used on input line 7. on 
input line 7.
Package pdftex.def Info: Requested size: 614.58406pt x 795.3441pt on input line
 7.
File: ../output/thesis.pdf Graphic file (type pdf)
<use ../output/thesis.pdf, page 5>
Package pdftex.def Info: ../output/thesis.pdf , page5 used on input line 7. on 
input line 7.
Package pdftex.def Info: Requested size: 614.58406pt x 795.3441pt on input line
 7.
 [11 <../output/thesis.pdf>]
<../output/thesis.pdf, id=102, page=6, pagebox=cropbox, 614.295pt x 794.97pt>
File: ../output/thesis.pdf Graphic file (type pdf)
<use ../output/thesis.pdf, page 6>
Package pdftex.def Info: ../output/thesis.pdf , page6 used on input line 7. on 
input line 7.
Package pdftex.def Info: Requested size: 614.58406pt x 795.3441pt on input line
 7.
File: ../output/thesis.pdf Graphic file (type pdf)
<use ../output/thesis.pdf, page 6>
Package pdftex.def Info: ../output/thesis.pdf , page6 used on input line 7. on 
input line 7.
Package pdftex.def Info: Requested size: 614.58406pt x 795.3441pt on input line
 7.
File: ../output/thesis.pdf Graphic file (type pdf)
<use ../output/thesis.pdf, page 6>
Package pdftex.def Info: ../output/thesis.pdf , page6 used on input line 7. on 
input line 7.
Package pdftex.def Info: Requested size: 614.58406pt x 795.3441pt on input line
 7.
 [12 <../output/thesis.pdf>]
<../output/thesis.pdf, id=106, page=7, pagebox=cropbox, 614.295pt x 794.97pt>
File: ../output/thesis.pdf Graphic file (type pdf)
<use ../output/thesis.pdf, page 7>
Package pdftex.def Info: ../output/thesis.pdf , page7 used on input line 7. on 
input line 7.
Package pdftex.def Info: Requested size: 614.58406pt x 795.3441pt on input line
 7.
File: ../output/thesis.pdf Graphic file (type pdf)
<use ../output/thesis.pdf, page 7>
Package pdftex.def Info: ../output/thesis.pdf , page7 used on input line 7. on 
input line 7.
Package pdftex.def Info: Requested size: 614.58406pt x 795.3441pt on input line
 7.
File: ../output/thesis.pdf Graphic file (type pdf)
<use ../output/thesis.pdf, page 7>
Package pdftex.def Info: ../output/thesis.pdf , page7 used on input line 7. on 
input line 7.
Package pdftex.def Info: Requested size: 614.58406pt x 795.3441pt on input line
 7.
 [13 <../output/thesis.pdf>]
<../output/thesis.pdf, id=117, page=8, pagebox=cropbox, 614.295pt x 794.97pt>
File: ../output/thesis.pdf Graphic file (type pdf)
<use ../output/thesis.pdf, page 8>
Package pdftex.def Info: ../output/thesis.pdf , page8 used on input line 7. on 
input line 7.
Package pdftex.def Info: Requested size: 614.58406pt x 795.3441pt on input line
 7.
File: ../output/thesis.pdf Graphic file (type pdf)
<use ../output/thesis.pdf, page 8>
Package pdftex.def Info: ../output/thesis.pdf , page8 used on input line 7. on 
input line 7.
Package pdftex.def Info: Requested size: 614.58406pt x 795.3441pt on input line
 7.
File: ../output/thesis.pdf Graphic file (type pdf)
<use ../output/thesis.pdf, page 8>
Package pdftex.def Info: ../output/thesis.pdf , page8 used on input line 7. on 
input line 7.
Package pdftex.def Info: Requested size: 614.58406pt x 795.3441pt on input line
 7.

[14 <../output/thesis.pdf>]
<../output/thesis.pdf, id=121, page=9, pagebox=cropbox, 614.295pt x 794.97pt>
File: ../output/thesis.pdf Graphic file (type pdf)
<use ../output/thesis.pdf, page 9>
Package pdftex.def Info: ../output/thesis.pdf , page9 used on input line 7. on 
input line 7.
Package pdftex.def Info: Requested size: 614.58406pt x 795.3441pt on input line
 7.
File: ../output/thesis.pdf Graphic file (type pdf)
<use ../output/thesis.pdf, page 9>
Package pdftex.def Info: ../output/thesis.pdf , page9 used on input line 7. on 
input line 7.
Package pdftex.def Info: Requested size: 614.58406pt x 795.3441pt on input line
 7.
File: ../output/thesis.pdf Graphic file (type pdf)
<use ../output/thesis.pdf, page 9>
Package pdftex.def Info: ../output/thesis.pdf , page9 used on input line 7. on 
input line 7.
Package pdftex.def Info: Requested size: 614.58406pt x 795.3441pt on input line
 7.
 [15 <../output/thesis.pdf>]
<../output/thesis.pdf, id=128, page=10, pagebox=cropbox, 614.295pt x 794.97pt>
File: ../output/thesis.pdf Graphic file (type pdf)
<use ../output/thesis.pdf, page 10>
Package pdftex.def Info: ../output/thesis.pdf , page10 used on input line 7. on
 input line 7.
Package pdftex.def Info: Requested size: 614.58406pt x 795.3441pt on input line
 7.
File: ../output/thesis.pdf Graphic file (type pdf)
<use ../output/thesis.pdf, page 10>
Package pdftex.def Info: ../output/thesis.pdf , page10 used on input line 7. on
 input line 7.
Package pdftex.def Info: Requested size: 614.58406pt x 795.3441pt on input line
 7.
File: ../output/thesis.pdf Graphic file (type pdf)
<use ../output/thesis.pdf, page 10>
Package pdftex.def Info: ../output/thesis.pdf , page10 used on input line 7. on
 input line 7.
Package pdftex.def Info: Requested size: 614.58406pt x 795.3441pt on input line
 7.
 [16 <../output/thesis.pdf>]
<../output/thesis.pdf, id=132, page=11, pagebox=cropbox, 614.295pt x 794.97pt>
File: ../output/thesis.pdf Graphic file (type pdf)
<use ../output/thesis.pdf, page 11>
Package pdftex.def Info: ../output/thesis.pdf , page11 used on input line 7. on
 input line 7.
Package pdftex.def Info: Requested size: 614.58406pt x 795.3441pt on input line
 7.
File: ../output/thesis.pdf Graphic file (type pdf)
<use ../output/thesis.pdf, page 11>
Package pdftex.def Info: ../output/thesis.pdf , page11 used on input line 7. on
 input line 7.
Package pdftex.def Info: Requested size: 614.58406pt x 795.3441pt on input line
 7.
File: ../output/thesis.pdf Graphic file (type pdf)
<use ../output/thesis.pdf, page 11>
Package pdftex.def Info: ../output/thesis.pdf , page11 used on input line 7. on
 input line 7.
Package pdftex.def Info: Requested size: 614.58406pt x 795.3441pt on input line
 7.
 [17 <../output/thesis.pdf>]
<../output/thesis.pdf, id=136, page=12, pagebox=cropbox, 614.295pt x 794.97pt>
File: ../output/thesis.pdf Graphic file (type pdf)
<use ../output/thesis.pdf, page 12>
Package pdftex.def Info: ../output/thesis.pdf , page12 used on input line 7. on
 input line 7.
Package pdftex.def Info: Requested size: 614.58406pt x 795.3441pt on input line
 7.
File: ../output/thesis.pdf Graphic file (type pdf)
<use ../output/thesis.pdf, page 12>
Package pdftex.def Info: ../output/thesis.pdf , page12 used on input line 7. on
 input line 7.
Package pdftex.def Info: Requested size: 614.58406pt x 795.3441pt on input line
 7.
File: ../output/thesis.pdf Graphic file (type pdf)
<use ../output/thesis.pdf, page 12>
Package pdftex.def Info: ../output/thesis.pdf , page12 used on input line 7. on
 input line 7.
Package pdftex.def Info: Requested size: 614.58406pt x 795.3441pt on input line
 7.
 [18 <../output/thesis.pdf>]
<../output/thesis.pdf, id=140, page=13, pagebox=cropbox, 614.295pt x 794.97pt>
File: ../output/thesis.pdf Graphic file (type pdf)
<use ../output/thesis.pdf, page 13>
Package pdftex.def Info: ../output/thesis.pdf , page13 used on input line 7. on
 input line 7.
Package pdftex.def Info: Requested size: 614.58406pt x 795.3441pt on input line
 7.
File: ../output/thesis.pdf Graphic file (type pdf)
<use ../output/thesis.pdf, page 13>
Package pdftex.def Info: ../output/thesis.pdf , page13 used on input line 7. on
 input line 7.
Package pdftex.def Info: Requested size: 614.58406pt x 795.3441pt on input line
 7.
File: ../output/thesis.pdf Graphic file (type pdf)
<use ../output/thesis.pdf, page 13>
Package pdftex.def Info: ../output/thesis.pdf , page13 used on input line 7. on
 input line 7.
Package pdftex.def Info: Requested size: 614.58406pt x 795.3441pt on input line
 7.
 [19 <../output/thesis.pdf>]
<../output/thesis.pdf, id=146, page=14, pagebox=cropbox, 614.295pt x 794.97pt>
File: ../output/thesis.pdf Graphic file (type pdf)
<use ../output/thesis.pdf, page 14>
Package pdftex.def Info: ../output/thesis.pdf , page14 used on input line 7. on
 input line 7.
Package pdftex.def Info: Requested size: 614.58406pt x 795.3441pt on input line
 7.
File: ../output/thesis.pdf Graphic file (type pdf)
<use ../output/thesis.pdf, page 14>
Package pdftex.def Info: ../output/thesis.pdf , page14 used on input line 7. on
 input line 7.
Package pdftex.def Info: Requested size: 614.58406pt x 795.3441pt on input line
 7.
File: ../output/thesis.pdf Graphic file (type pdf)
<use ../output/thesis.pdf, page 14>
Package pdftex.def Info: ../output/thesis.pdf , page14 used on input line 7. on
 input line 7.
Package pdftex.def Info: Requested size: 614.58406pt x 795.3441pt on input line
 7.
 [20 <../output/thesis.pdf>]
<../output/thesis.pdf, id=150, page=15, pagebox=cropbox, 614.295pt x 794.97pt>
File: ../output/thesis.pdf Graphic file (type pdf)
<use ../output/thesis.pdf, page 15>
Package pdftex.def Info: ../output/thesis.pdf , page15 used on input line 7. on
 input line 7.
Package pdftex.def Info: Requested size: 614.58406pt x 795.3441pt on input line
 7.
File: ../output/thesis.pdf Graphic file (type pdf)
<use ../output/thesis.pdf, page 15>
Package pdftex.def Info: ../output/thesis.pdf , page15 used on input line 7. on
 input line 7.
Package pdftex.def Info: Requested size: 614.58406pt x 795.3441pt on input line
 7.
File: ../output/thesis.pdf Graphic file (type pdf)
<use ../output/thesis.pdf, page 15>
Package pdftex.def Info: ../output/thesis.pdf , page15 used on input line 7. on
 input line 7.
Package pdftex.def Info: Requested size: 614.58406pt x 795.3441pt on input line
 7.
 [21 <../output/thesis.pdf>]
<../output/thesis.pdf, id=154, page=16, pagebox=cropbox, 614.295pt x 794.97pt>
File: ../output/thesis.pdf Graphic file (type pdf)
<use ../output/thesis.pdf, page 16>
Package pdftex.def Info: ../output/thesis.pdf , page16 used on input line 7. on
 input line 7.
Package pdftex.def Info: Requested size: 614.58406pt x 795.3441pt on input line
 7.
File: ../output/thesis.pdf Graphic file (type pdf)
<use ../output/thesis.pdf, page 16>
Package pdftex.def Info: ../output/thesis.pdf , page16 used on input line 7. on
 input line 7.
Package pdftex.def Info: Requested size: 614.58406pt x 795.3441pt on input line
 7.
File: ../output/thesis.pdf Graphic file (type pdf)
<use ../output/thesis.pdf, page 16>
Package pdftex.def Info: ../output/thesis.pdf , page16 used on input line 7. on
 input line 7.
Package pdftex.def Info: Requested size: 614.58406pt x 795.3441pt on input line
 7.
 [22 <../output/thesis.pdf>]
<../output/thesis.pdf, id=158, page=17, pagebox=cropbox, 614.295pt x 794.97pt>
File: ../output/thesis.pdf Graphic file (type pdf)
<use ../output/thesis.pdf, page 17>
Package pdftex.def Info: ../output/thesis.pdf , page17 used on input line 7. on
 input line 7.
Package pdftex.def Info: Requested size: 614.58406pt x 795.3441pt on input line
 7.
File: ../output/thesis.pdf Graphic file (type pdf)
<use ../output/thesis.pdf, page 17>
Package pdftex.def Info: ../output/thesis.pdf , page17 used on input line 7. on
 input line 7.
Package pdftex.def Info: Requested size: 614.58406pt x 795.3441pt on input line
 7.
File: ../output/thesis.pdf Graphic file (type pdf)
<use ../output/thesis.pdf, page 17>
Package pdftex.def Info: ../output/thesis.pdf , page17 used on input line 7. on
 input line 7.
Package pdftex.def Info: Requested size: 614.58406pt x 795.3441pt on input line
 7.
 [23 <../output/thesis.pdf>]
<../output/thesis.pdf, id=162, page=18, pagebox=cropbox, 614.295pt x 794.97pt>
File: ../output/thesis.pdf Graphic file (type pdf)
<use ../output/thesis.pdf, page 18>
Package pdftex.def Info: ../output/thesis.pdf , page18 used on input line 7. on
 input line 7.
Package pdftex.def Info: Requested size: 614.58406pt x 795.3441pt on input line
 7.
File: ../output/thesis.pdf Graphic file (type pdf)
<use ../output/thesis.pdf, page 18>
Package pdftex.def Info: ../output/thesis.pdf , page18 used on input line 7. on
 input line 7.
Package pdftex.def Info: Requested size: 614.58406pt x 795.3441pt on input line
 7.
File: ../output/thesis.pdf Graphic file (type pdf)
<use ../output/thesis.pdf, page 18>
Package pdftex.def Info: ../output/thesis.pdf , page18 used on input line 7. on
 input line 7.
Package pdftex.def Info: Requested size: 614.58406pt x 795.3441pt on input line
 7.
 [24 <../output/thesis.pdf>]
<../output/thesis.pdf, id=192, page=19, pagebox=cropbox, 614.295pt x 794.97pt>
File: ../output/thesis.pdf Graphic file (type pdf)
<use ../output/thesis.pdf, page 19>
Package pdftex.def Info: ../output/thesis.pdf , page19 used on input line 7. on
 input line 7.
Package pdftex.def Info: Requested size: 614.58406pt x 795.3441pt on input line
 7.
File: ../output/thesis.pdf Graphic file (type pdf)
<use ../output/thesis.pdf, page 19>
Package pdftex.def Info: ../output/thesis.pdf , page19 used on input line 7. on
 input line 7.
Package pdftex.def Info: Requested size: 614.58406pt x 795.3441pt on input line
 7.
File: ../output/thesis.pdf Graphic file (type pdf)
<use ../output/thesis.pdf, page 19>
Package pdftex.def Info: ../output/thesis.pdf , page19 used on input line 7. on
 input line 7.
Package pdftex.def Info: Requested size: 614.58406pt x 795.3441pt on input line
 7.
 [25 <../output/thesis.pdf>]
<../output/thesis.pdf, id=205, page=20, pagebox=cropbox, 614.295pt x 794.97pt>
File: ../output/thesis.pdf Graphic file (type pdf)
<use ../output/thesis.pdf, page 20>
Package pdftex.def Info: ../output/thesis.pdf , page20 used on input line 7. on
 input line 7.
Package pdftex.def Info: Requested size: 614.58406pt x 795.3441pt on input line
 7.
File: ../output/thesis.pdf Graphic file (type pdf)
<use ../output/thesis.pdf, page 20>
Package pdftex.def Info: ../output/thesis.pdf , page20 used on input line 7. on
 input line 7.
Package pdftex.def Info: Requested size: 614.58406pt x 795.3441pt on input line
 7.
File: ../output/thesis.pdf Graphic file (type pdf)
<use ../output/thesis.pdf, page 20>
Package pdftex.def Info: ../output/thesis.pdf , page20 used on input line 7. on
 input line 7.
Package pdftex.def Info: Requested size: 614.58406pt x 795.3441pt on input line
 7.
 [26 <../output/thesis.pdf>]
<../output/thesis.pdf, id=214, page=21, pagebox=cropbox, 614.295pt x 794.97pt>
File: ../output/thesis.pdf Graphic file (type pdf)
<use ../output/thesis.pdf, page 21>
Package pdftex.def Info: ../output/thesis.pdf , page21 used on input line 7. on
 input line 7.
Package pdftex.def Info: Requested size: 614.58406pt x 795.3441pt on input line
 7.
File: ../output/thesis.pdf Graphic file (type pdf)
<use ../output/thesis.pdf, page 21>
Package pdftex.def Info: ../output/thesis.pdf , page21 used on input line 7. on
 input line 7.
Package pdftex.def Info: Requested size: 614.58406pt x 795.3441pt on input line
 7.
File: ../output/thesis.pdf Graphic file (type pdf)
<use ../output/thesis.pdf, page 21>
Package pdftex.def Info: ../output/thesis.pdf , page21 used on input line 7. on
 input line 7.
Package pdftex.def Info: Requested size: 614.58406pt x 795.3441pt on input line
 7.
 [27 <../output/thesis.pdf>]
<../output/thesis.pdf, id=221, page=22, pagebox=cropbox, 614.295pt x 794.97pt>
File: ../output/thesis.pdf Graphic file (type pdf)
<use ../output/thesis.pdf, page 22>
Package pdftex.def Info: ../output/thesis.pdf , page22 used on input line 7. on
 input line 7.
Package pdftex.def Info: Requested size: 614.58406pt x 795.3441pt on input line
 7.
File: ../output/thesis.pdf Graphic file (type pdf)
<use ../output/thesis.pdf, page 22>
Package pdftex.def Info: ../output/thesis.pdf , page22 used on input line 7. on
 input line 7.
Package pdftex.def Info: Requested size: 614.58406pt x 795.3441pt on input line
 7.
File: ../output/thesis.pdf Graphic file (type pdf)
<use ../output/thesis.pdf, page 22>
Package pdftex.def Info: ../output/thesis.pdf , page22 used on input line 7. on
 input line 7.
Package pdftex.def Info: Requested size: 614.58406pt x 795.3441pt on input line
 7.

[28 <../output/thesis.pdf>]
<../output/thesis.pdf, id=232, page=23, pagebox=cropbox, 614.295pt x 794.97pt>
File: ../output/thesis.pdf Graphic file (type pdf)
<use ../output/thesis.pdf, page 23>
Package pdftex.def Info: ../output/thesis.pdf , page23 used on input line 7. on
 input line 7.
Package pdftex.def Info: Requested size: 614.58406pt x 795.3441pt on input line
 7.
File: ../output/thesis.pdf Graphic file (type pdf)
<use ../output/thesis.pdf, page 23>
Package pdftex.def Info: ../output/thesis.pdf , page23 used on input line 7. on
 input line 7.
Package pdftex.def Info: Requested size: 614.58406pt x 795.3441pt on input line
 7.
File: ../output/thesis.pdf Graphic file (type pdf)
<use ../output/thesis.pdf, page 23>
Package pdftex.def Info: ../output/thesis.pdf , page23 used on input line 7. on
 input line 7.
Package pdftex.def Info: Requested size: 614.58406pt x 795.3441pt on input line
 7.
 [29 <../output/thesis.pdf>]
<../output/thesis.pdf, id=236, page=24, pagebox=cropbox, 614.295pt x 794.97pt>
File: ../output/thesis.pdf Graphic file (type pdf)
<use ../output/thesis.pdf, page 24>
Package pdftex.def Info: ../output/thesis.pdf , page24 used on input line 7. on
 input line 7.
Package pdftex.def Info: Requested size: 614.58406pt x 795.3441pt on input line
 7.
File: ../output/thesis.pdf Graphic file (type pdf)
<use ../output/thesis.pdf, page 24>
Package pdftex.def Info: ../output/thesis.pdf , page24 used on input line 7. on
 input line 7.
Package pdftex.def Info: Requested size: 614.58406pt x 795.3441pt on input line
 7.
File: ../output/thesis.pdf Graphic file (type pdf)
<use ../output/thesis.pdf, page 24>
Package pdftex.def Info: ../output/thesis.pdf , page24 used on input line 7. on
 input line 7.
Package pdftex.def Info: Requested size: 614.58406pt x 795.3441pt on input line
 7.
 [30 <../output/thesis.pdf>]
<../output/thesis.pdf, id=240, page=25, pagebox=cropbox, 614.295pt x 794.97pt>
File: ../output/thesis.pdf Graphic file (type pdf)
<use ../output/thesis.pdf, page 25>
Package pdftex.def Info: ../output/thesis.pdf , page25 used on input line 7. on
 input line 7.
Package pdftex.def Info: Requested size: 614.58406pt x 795.3441pt on input line
 7.
File: ../output/thesis.pdf Graphic file (type pdf)
<use ../output/thesis.pdf, page 25>
Package pdftex.def Info: ../output/thesis.pdf , page25 used on input line 7. on
 input line 7.
Package pdftex.def Info: Requested size: 614.58406pt x 795.3441pt on input line
 7.
File: ../output/thesis.pdf Graphic file (type pdf)
<use ../output/thesis.pdf, page 25>
Package pdftex.def Info: ../output/thesis.pdf , page25 used on input line 7. on
 input line 7.
Package pdftex.def Info: Requested size: 614.58406pt x 795.3441pt on input line
 7.
 [31 <../output/thesis.pdf>]
<../output/thesis.pdf, id=248, page=26, pagebox=cropbox, 614.295pt x 794.97pt>
File: ../output/thesis.pdf Graphic file (type pdf)
<use ../output/thesis.pdf, page 26>
Package pdftex.def Info: ../output/thesis.pdf , page26 used on input line 7. on
 input line 7.
Package pdftex.def Info: Requested size: 614.58406pt x 795.3441pt on input line
 7.
File: ../output/thesis.pdf Graphic file (type pdf)
<use ../output/thesis.pdf, page 26>
Package pdftex.def Info: ../output/thesis.pdf , page26 used on input line 7. on
 input line 7.
Package pdftex.def Info: Requested size: 614.58406pt x 795.3441pt on input line
 7.
File: ../output/thesis.pdf Graphic file (type pdf)
<use ../output/thesis.pdf, page 26>
Package pdftex.def Info: ../output/thesis.pdf , page26 used on input line 7. on
 input line 7.
Package pdftex.def Info: Requested size: 614.58406pt x 795.3441pt on input line
 7.
 [32 <../output/thesis.pdf>]
<../output/thesis.pdf, id=258, page=27, pagebox=cropbox, 614.295pt x 794.97pt>
File: ../output/thesis.pdf Graphic file (type pdf)
<use ../output/thesis.pdf, page 27>
Package pdftex.def Info: ../output/thesis.pdf , page27 used on input line 7. on
 input line 7.
Package pdftex.def Info: Requested size: 614.58406pt x 795.3441pt on input line
 7.
File: ../output/thesis.pdf Graphic file (type pdf)
<use ../output/thesis.pdf, page 27>
Package pdftex.def Info: ../output/thesis.pdf , page27 used on input line 7. on
 input line 7.
Package pdftex.def Info: Requested size: 614.58406pt x 795.3441pt on input line
 7.
File: ../output/thesis.pdf Graphic file (type pdf)
<use ../output/thesis.pdf, page 27>
Package pdftex.def Info: ../output/thesis.pdf , page27 used on input line 7. on
 input line 7.
Package pdftex.def Info: Requested size: 614.58406pt x 795.3441pt on input line
 7.
 [33 <../output/thesis.pdf>]
<../output/thesis.pdf, id=262, page=28, pagebox=cropbox, 614.295pt x 794.97pt>
File: ../output/thesis.pdf Graphic file (type pdf)
<use ../output/thesis.pdf, page 28>
Package pdftex.def Info: ../output/thesis.pdf , page28 used on input line 7. on
 input line 7.
Package pdftex.def Info: Requested size: 614.58406pt x 795.3441pt on input line
 7.
File: ../output/thesis.pdf Graphic file (type pdf)
<use ../output/thesis.pdf, page 28>
Package pdftex.def Info: ../output/thesis.pdf , page28 used on input line 7. on
 input line 7.
Package pdftex.def Info: Requested size: 614.58406pt x 795.3441pt on input line
 7.
File: ../output/thesis.pdf Graphic file (type pdf)
<use ../output/thesis.pdf, page 28>
Package pdftex.def Info: ../output/thesis.pdf , page28 used on input line 7. on
 input line 7.
Package pdftex.def Info: Requested size: 614.58406pt x 795.3441pt on input line
 7.
 [34 <../output/thesis.pdf>]
<../output/thesis.pdf, id=266, page=29, pagebox=cropbox, 614.295pt x 794.97pt>
File: ../output/thesis.pdf Graphic file (type pdf)
<use ../output/thesis.pdf, page 29>
Package pdftex.def Info: ../output/thesis.pdf , page29 used on input line 7. on
 input line 7.
Package pdftex.def Info: Requested size: 614.58406pt x 795.3441pt on input line
 7.
File: ../output/thesis.pdf Graphic file (type pdf)
<use ../output/thesis.pdf, page 29>
Package pdftex.def Info: ../output/thesis.pdf , page29 used on input line 7. on
 input line 7.
Package pdftex.def Info: Requested size: 614.58406pt x 795.3441pt on input line
 7.
File: ../output/thesis.pdf Graphic file (type pdf)
<use ../output/thesis.pdf, page 29>
Package pdftex.def Info: ../output/thesis.pdf , page29 used on input line 7. on
 input line 7.
Package pdftex.def Info: Requested size: 614.58406pt x 795.3441pt on input line
 7.
 [35 <../output/thesis.pdf>]
<../output/thesis.pdf, id=270, page=30, pagebox=cropbox, 614.295pt x 794.97pt>
File: ../output/thesis.pdf Graphic file (type pdf)
<use ../output/thesis.pdf, page 30>
Package pdftex.def Info: ../output/thesis.pdf , page30 used on input line 7. on
 input line 7.
Package pdftex.def Info: Requested size: 614.58406pt x 795.3441pt on input line
 7.
File: ../output/thesis.pdf Graphic file (type pdf)
<use ../output/thesis.pdf, page 30>
Package pdftex.def Info: ../output/thesis.pdf , page30 used on input line 7. on
 input line 7.
Package pdftex.def Info: Requested size: 614.58406pt x 795.3441pt on input line
 7.
File: ../output/thesis.pdf Graphic file (type pdf)
<use ../output/thesis.pdf, page 30>
Package pdftex.def Info: ../output/thesis.pdf , page30 used on input line 7. on
 input line 7.
Package pdftex.def Info: Requested size: 614.58406pt x 795.3441pt on input line
 7.
 [36 <../output/thesis.pdf>]
<../output/thesis.pdf, id=278, page=31, pagebox=cropbox, 614.295pt x 794.97pt>
File: ../output/thesis.pdf Graphic file (type pdf)
<use ../output/thesis.pdf, page 31>
Package pdftex.def Info: ../output/thesis.pdf , page31 used on input line 7. on
 input line 7.
Package pdftex.def Info: Requested size: 614.58406pt x 795.3441pt on input line
 7.
File: ../output/thesis.pdf Graphic file (type pdf)
<use ../output/thesis.pdf, page 31>
Package pdftex.def Info: ../output/thesis.pdf , page31 used on input line 7. on
 input line 7.
Package pdftex.def Info: Requested size: 614.58406pt x 795.3441pt on input line
 7.
File: ../output/thesis.pdf Graphic file (type pdf)
<use ../output/thesis.pdf, page 31>
Package pdftex.def Info: ../output/thesis.pdf , page31 used on input line 7. on
 input line 7.
Package pdftex.def Info: Requested size: 614.58406pt x 795.3441pt on input line
 7.
 [37 <../output/thesis.pdf>]
<../output/thesis.pdf, id=283, page=32, pagebox=cropbox, 614.295pt x 794.97pt>
File: ../output/thesis.pdf Graphic file (type pdf)
<use ../output/thesis.pdf, page 32>
Package pdftex.def Info: ../output/thesis.pdf , page32 used on input line 7. on
 input line 7.
Package pdftex.def Info: Requested size: 614.58406pt x 795.3441pt on input line
 7.
File: ../output/thesis.pdf Graphic file (type pdf)
<use ../output/thesis.pdf, page 32>
Package pdftex.def Info: ../output/thesis.pdf , page32 used on input line 7. on
 input line 7.
Package pdftex.def Info: Requested size: 614.58406pt x 795.3441pt on input line
 7.
File: ../output/thesis.pdf Graphic file (type pdf)
<use ../output/thesis.pdf, page 32>
Package pdftex.def Info: ../output/thesis.pdf , page32 used on input line 7. on
 input line 7.
Package pdftex.def Info: Requested size: 614.58406pt x 795.3441pt on input line
 7.
 [38 <../output/thesis.pdf>]
<../output/thesis.pdf, id=287, page=33, pagebox=cropbox, 614.295pt x 794.97pt>
File: ../output/thesis.pdf Graphic file (type pdf)
<use ../output/thesis.pdf, page 33>
Package pdftex.def Info: ../output/thesis.pdf , page33 used on input line 7. on
 input line 7.
Package pdftex.def Info: Requested size: 614.58406pt x 795.3441pt on input line
 7.
File: ../output/thesis.pdf Graphic file (type pdf)
<use ../output/thesis.pdf, page 33>
Package pdftex.def Info: ../output/thesis.pdf , page33 used on input line 7. on
 input line 7.
Package pdftex.def Info: Requested size: 614.58406pt x 795.3441pt on input line
 7.
File: ../output/thesis.pdf Graphic file (type pdf)
<use ../output/thesis.pdf, page 33>
Package pdftex.def Info: ../output/thesis.pdf , page33 used on input line 7. on
 input line 7.
Package pdftex.def Info: Requested size: 614.58406pt x 795.3441pt on input line
 7.
 [39 <../output/thesis.pdf>]
<../output/thesis.pdf, id=313, page=34, pagebox=cropbox, 614.295pt x 794.97pt>
File: ../output/thesis.pdf Graphic file (type pdf)
<use ../output/thesis.pdf, page 34>
Package pdftex.def Info: ../output/thesis.pdf , page34 used on input line 7. on
 input line 7.
Package pdftex.def Info: Requested size: 614.58406pt x 795.3441pt on input line
 7.
File: ../output/thesis.pdf Graphic file (type pdf)
<use ../output/thesis.pdf, page 34>
Package pdftex.def Info: ../output/thesis.pdf , page34 used on input line 7. on
 input line 7.
Package pdftex.def Info: Requested size: 614.58406pt x 795.3441pt on input line
 7.
File: ../output/thesis.pdf Graphic file (type pdf)
<use ../output/thesis.pdf, page 34>
Package pdftex.def Info: ../output/thesis.pdf , page34 used on input line 7. on
 input line 7.
Package pdftex.def Info: Requested size: 614.58406pt x 795.3441pt on input line
 7.
 [40 <../output/thesis.pdf>]
<../output/thesis.pdf, id=328, page=35, pagebox=cropbox, 614.295pt x 794.97pt>
File: ../output/thesis.pdf Graphic file (type pdf)
<use ../output/thesis.pdf, page 35>
Package pdftex.def Info: ../output/thesis.pdf , page35 used on input line 7. on
 input line 7.
Package pdftex.def Info: Requested size: 614.58406pt x 795.3441pt on input line
 7.
File: ../output/thesis.pdf Graphic file (type pdf)
<use ../output/thesis.pdf, page 35>
Package pdftex.def Info: ../output/thesis.pdf , page35 used on input line 7. on
 input line 7.
Package pdftex.def Info: Requested size: 614.58406pt x 795.3441pt on input line
 7.
File: ../output/thesis.pdf Graphic file (type pdf)
<use ../output/thesis.pdf, page 35>
Package pdftex.def Info: ../output/thesis.pdf , page35 used on input line 7. on
 input line 7.
Package pdftex.def Info: Requested size: 614.58406pt x 795.3441pt on input line
 7.
 [41 <../output/thesis.pdf>]
<../output/thesis.pdf, id=332, page=36, pagebox=cropbox, 614.295pt x 794.97pt>
File: ../output/thesis.pdf Graphic file (type pdf)
<use ../output/thesis.pdf, page 36>
Package pdftex.def Info: ../output/thesis.pdf , page36 used on input line 7. on
 input line 7.
Package pdftex.def Info: Requested size: 614.58406pt x 795.3441pt on input line
 7.
File: ../output/thesis.pdf Graphic file (type pdf)
<use ../output/thesis.pdf, page 36>
Package pdftex.def Info: ../output/thesis.pdf , page36 used on input line 7. on
 input line 7.
Package pdftex.def Info: Requested size: 614.58406pt x 795.3441pt on input line
 7.
File: ../output/thesis.pdf Graphic file (type pdf)
<use ../output/thesis.pdf, page 36>
Package pdftex.def Info: ../output/thesis.pdf , page36 used on input line 7. on
 input line 7.
Package pdftex.def Info: Requested size: 614.58406pt x 795.3441pt on input line
 7.

[42 <../output/thesis.pdf>]
<../output/thesis.pdf, id=336, page=37, pagebox=cropbox, 614.295pt x 794.97pt>
File: ../output/thesis.pdf Graphic file (type pdf)
<use ../output/thesis.pdf, page 37>
Package pdftex.def Info: ../output/thesis.pdf , page37 used on input line 7. on
 input line 7.
Package pdftex.def Info: Requested size: 614.58406pt x 795.3441pt on input line
 7.
File: ../output/thesis.pdf Graphic file (type pdf)
<use ../output/thesis.pdf, page 37>
Package pdftex.def Info: ../output/thesis.pdf , page37 used on input line 7. on
 input line 7.
Package pdftex.def Info: Requested size: 614.58406pt x 795.3441pt on input line
 7.
File: ../output/thesis.pdf Graphic file (type pdf)
<use ../output/thesis.pdf, page 37>
Package pdftex.def Info: ../output/thesis.pdf , page37 used on input line 7. on
 input line 7.
Package pdftex.def Info: Requested size: 614.58406pt x 795.3441pt on input line
 7.
 [43 <../output/thesis.pdf>]
<../output/thesis.pdf, id=356, page=38, pagebox=cropbox, 614.295pt x 794.97pt>
File: ../output/thesis.pdf Graphic file (type pdf)
<use ../output/thesis.pdf, page 38>
Package pdftex.def Info: ../output/thesis.pdf , page38 used on input line 7. on
 input line 7.
Package pdftex.def Info: Requested size: 614.58406pt x 795.3441pt on input line
 7.
File: ../output/thesis.pdf Graphic file (type pdf)
<use ../output/thesis.pdf, page 38>
Package pdftex.def Info: ../output/thesis.pdf , page38 used on input line 7. on
 input line 7.
Package pdftex.def Info: Requested size: 614.58406pt x 795.3441pt on input line
 7.
File: ../output/thesis.pdf Graphic file (type pdf)
<use ../output/thesis.pdf, page 38>
Package pdftex.def Info: ../output/thesis.pdf , page38 used on input line 7. on
 input line 7.
Package pdftex.def Info: Requested size: 614.58406pt x 795.3441pt on input line
 7.
 [44 <../output/thesis.pdf>]
<../output/thesis.pdf, id=361, page=39, pagebox=cropbox, 614.295pt x 794.97pt>
File: ../output/thesis.pdf Graphic file (type pdf)
<use ../output/thesis.pdf, page 39>
Package pdftex.def Info: ../output/thesis.pdf , page39 used on input line 7. on
 input line 7.
Package pdftex.def Info: Requested size: 614.58406pt x 795.3441pt on input line
 7.
File: ../output/thesis.pdf Graphic file (type pdf)
<use ../output/thesis.pdf, page 39>
Package pdftex.def Info: ../output/thesis.pdf , page39 used on input line 7. on
 input line 7.
Package pdftex.def Info: Requested size: 614.58406pt x 795.3441pt on input line
 7.
File: ../output/thesis.pdf Graphic file (type pdf)
<use ../output/thesis.pdf, page 39>
Package pdftex.def Info: ../output/thesis.pdf , page39 used on input line 7. on
 input line 7.
Package pdftex.def Info: Requested size: 614.58406pt x 795.3441pt on input line
 7.
 [45 <../output/thesis.pdf>]
<../output/thesis.pdf, id=803, page=40, pagebox=cropbox, 614.295pt x 794.97pt>
File: ../output/thesis.pdf Graphic file (type pdf)
<use ../output/thesis.pdf, page 40>
Package pdftex.def Info: ../output/thesis.pdf , page40 used on input line 7. on
 input line 7.
Package pdftex.def Info: Requested size: 614.58406pt x 795.3441pt on input line
 7.
File: ../output/thesis.pdf Graphic file (type pdf)
<use ../output/thesis.pdf, page 40>
Package pdftex.def Info: ../output/thesis.pdf , page40 used on input line 7. on
 input line 7.
Package pdftex.def Info: Requested size: 614.58406pt x 795.3441pt on input line
 7.
File: ../output/thesis.pdf Graphic file (type pdf)
<use ../output/thesis.pdf, page 40>
Package pdftex.def Info: ../output/thesis.pdf , page40 used on input line 7. on
 input line 7.
Package pdftex.def Info: Requested size: 614.58406pt x 795.3441pt on input line
 7.
 [46 <../output/thesis.pdf>]
<../output/thesis.pdf, id=807, page=41, pagebox=cropbox, 614.295pt x 794.97pt>
File: ../output/thesis.pdf Graphic file (type pdf)
<use ../output/thesis.pdf, page 41>
Package pdftex.def Info: ../output/thesis.pdf , page41 used on input line 7. on
 input line 7.
Package pdftex.def Info: Requested size: 614.58406pt x 795.3441pt on input line
 7.
File: ../output/thesis.pdf Graphic file (type pdf)
<use ../output/thesis.pdf, page 41>
Package pdftex.def Info: ../output/thesis.pdf , page41 used on input line 7. on
 input line 7.
Package pdftex.def Info: Requested size: 614.58406pt x 795.3441pt on input line
 7.
File: ../output/thesis.pdf Graphic file (type pdf)
<use ../output/thesis.pdf, page 41>
Package pdftex.def Info: ../output/thesis.pdf , page41 used on input line 7. on
 input line 7.
Package pdftex.def Info: Requested size: 614.58406pt x 795.3441pt on input line
 7.
 [47 <../output/thesis.pdf>]
<../output/thesis.pdf, id=811, page=42, pagebox=cropbox, 614.295pt x 794.97pt>
File: ../output/thesis.pdf Graphic file (type pdf)
<use ../output/thesis.pdf, page 42>
Package pdftex.def Info: ../output/thesis.pdf , page42 used on input line 7. on
 input line 7.
Package pdftex.def Info: Requested size: 614.58406pt x 795.3441pt on input line
 7.
File: ../output/thesis.pdf Graphic file (type pdf)
<use ../output/thesis.pdf, page 42>
Package pdftex.def Info: ../output/thesis.pdf , page42 used on input line 7. on
 input line 7.
Package pdftex.def Info: Requested size: 614.58406pt x 795.3441pt on input line
 7.
File: ../output/thesis.pdf Graphic file (type pdf)
<use ../output/thesis.pdf, page 42>
Package pdftex.def Info: ../output/thesis.pdf , page42 used on input line 7. on
 input line 7.
Package pdftex.def Info: Requested size: 614.58406pt x 795.3441pt on input line
 7.
 [48 <../output/thesis.pdf>]
<../output/thesis.pdf, id=816, page=43, pagebox=cropbox, 614.295pt x 794.97pt>
File: ../output/thesis.pdf Graphic file (type pdf)
<use ../output/thesis.pdf, page 43>
Package pdftex.def Info: ../output/thesis.pdf , page43 used on input line 7. on
 input line 7.
Package pdftex.def Info: Requested size: 614.58406pt x 795.3441pt on input line
 7.
File: ../output/thesis.pdf Graphic file (type pdf)
<use ../output/thesis.pdf, page 43>
Package pdftex.def Info: ../output/thesis.pdf , page43 used on input line 7. on
 input line 7.
Package pdftex.def Info: Requested size: 614.58406pt x 795.3441pt on input line
 7.
File: ../output/thesis.pdf Graphic file (type pdf)
<use ../output/thesis.pdf, page 43>
Package pdftex.def Info: ../output/thesis.pdf , page43 used on input line 7. on
 input line 7.
Package pdftex.def Info: Requested size: 614.58406pt x 795.3441pt on input line
 7.
 [49 <../output/thesis.pdf>]
<../output/thesis.pdf, id=821, page=44, pagebox=cropbox, 614.295pt x 794.97pt>
File: ../output/thesis.pdf Graphic file (type pdf)
<use ../output/thesis.pdf, page 44>
Package pdftex.def Info: ../output/thesis.pdf , page44 used on input line 7. on
 input line 7.
Package pdftex.def Info: Requested size: 614.58406pt x 795.3441pt on input line
 7.
File: ../output/thesis.pdf Graphic file (type pdf)
<use ../output/thesis.pdf, page 44>
Package pdftex.def Info: ../output/thesis.pdf , page44 used on input line 7. on
 input line 7.
Package pdftex.def Info: Requested size: 614.58406pt x 795.3441pt on input line
 7.
File: ../output/thesis.pdf Graphic file (type pdf)
<use ../output/thesis.pdf, page 44>
Package pdftex.def Info: ../output/thesis.pdf , page44 used on input line 7. on
 input line 7.
Package pdftex.def Info: Requested size: 614.58406pt x 795.3441pt on input line
 7.
 [50 <../output/thesis.pdf>]
<../output/thesis.pdf, id=825, page=45, pagebox=cropbox, 614.295pt x 794.97pt>
File: ../output/thesis.pdf Graphic file (type pdf)
<use ../output/thesis.pdf, page 45>
Package pdftex.def Info: ../output/thesis.pdf , page45 used on input line 7. on
 input line 7.
Package pdftex.def Info: Requested size: 614.58406pt x 795.3441pt on input line
 7.
File: ../output/thesis.pdf Graphic file (type pdf)
<use ../output/thesis.pdf, page 45>
Package pdftex.def Info: ../output/thesis.pdf , page45 used on input line 7. on
 input line 7.
Package pdftex.def Info: Requested size: 614.58406pt x 795.3441pt on input line
 7.
File: ../output/thesis.pdf Graphic file (type pdf)
<use ../output/thesis.pdf, page 45>
Package pdftex.def Info: ../output/thesis.pdf , page45 used on input line 7. on
 input line 7.
Package pdftex.def Info: Requested size: 614.58406pt x 795.3441pt on input line
 7.
 [51 <../output/thesis.pdf>]
<../output/thesis.pdf, id=829, page=46, pagebox=cropbox, 614.295pt x 794.97pt>
File: ../output/thesis.pdf Graphic file (type pdf)
<use ../output/thesis.pdf, page 46>
Package pdftex.def Info: ../output/thesis.pdf , page46 used on input line 7. on
 input line 7.
Package pdftex.def Info: Requested size: 614.58406pt x 795.3441pt on input line
 7.
File: ../output/thesis.pdf Graphic file (type pdf)
<use ../output/thesis.pdf, page 46>
Package pdftex.def Info: ../output/thesis.pdf , page46 used on input line 7. on
 input line 7.
Package pdftex.def Info: Requested size: 614.58406pt x 795.3441pt on input line
 7.
File: ../output/thesis.pdf Graphic file (type pdf)
<use ../output/thesis.pdf, page 46>
Package pdftex.def Info: ../output/thesis.pdf , page46 used on input line 7. on
 input line 7.
Package pdftex.def Info: Requested size: 614.58406pt x 795.3441pt on input line
 7.
 [52 <../output/thesis.pdf>]
<../output/thesis.pdf, id=833, page=47, pagebox=cropbox, 614.295pt x 794.97pt>
File: ../output/thesis.pdf Graphic file (type pdf)
<use ../output/thesis.pdf, page 47>
Package pdftex.def Info: ../output/thesis.pdf , page47 used on input line 7. on
 input line 7.
Package pdftex.def Info: Requested size: 614.58406pt x 795.3441pt on input line
 7.
File: ../output/thesis.pdf Graphic file (type pdf)
<use ../output/thesis.pdf, page 47>
Package pdftex.def Info: ../output/thesis.pdf , page47 used on input line 7. on
 input line 7.
Package pdftex.def Info: Requested size: 614.58406pt x 795.3441pt on input line
 7.
File: ../output/thesis.pdf Graphic file (type pdf)
<use ../output/thesis.pdf, page 47>
Package pdftex.def Info: ../output/thesis.pdf , page47 used on input line 7. on
 input line 7.
Package pdftex.def Info: Requested size: 614.58406pt x 795.3441pt on input line
 7.
 [53 <../output/thesis.pdf>]
<../output/thesis.pdf, id=837, page=48, pagebox=cropbox, 614.295pt x 794.97pt>
File: ../output/thesis.pdf Graphic file (type pdf)
<use ../output/thesis.pdf, page 48>
Package pdftex.def Info: ../output/thesis.pdf , page48 used on input line 7. on
 input line 7.
Package pdftex.def Info: Requested size: 614.58406pt x 795.3441pt on input line
 7.
File: ../output/thesis.pdf Graphic file (type pdf)
<use ../output/thesis.pdf, page 48>
Package pdftex.def Info: ../output/thesis.pdf , page48 used on input line 7. on
 input line 7.
Package pdftex.def Info: Requested size: 614.58406pt x 795.3441pt on input line
 7.
File: ../output/thesis.pdf Graphic file (type pdf)
<use ../output/thesis.pdf, page 48>
Package pdftex.def Info: ../output/thesis.pdf , page48 used on input line 7. on
 input line 7.
Package pdftex.def Info: Requested size: 614.58406pt x 795.3441pt on input line
 7.
 [54 <../output/thesis.pdf>]
<../output/thesis.pdf, id=853, page=49, pagebox=cropbox, 614.295pt x 794.97pt>
File: ../output/thesis.pdf Graphic file (type pdf)
<use ../output/thesis.pdf, page 49>
Package pdftex.def Info: ../output/thesis.pdf , page49 used on input line 7. on
 input line 7.
Package pdftex.def Info: Requested size: 614.58406pt x 795.3441pt on input line
 7.
File: ../output/thesis.pdf Graphic file (type pdf)
<use ../output/thesis.pdf, page 49>
Package pdftex.def Info: ../output/thesis.pdf , page49 used on input line 7. on
 input line 7.
Package pdftex.def Info: Requested size: 614.58406pt x 795.3441pt on input line
 7.
File: ../output/thesis.pdf Graphic file (type pdf)
<use ../output/thesis.pdf, page 49>
Package pdftex.def Info: ../output/thesis.pdf , page49 used on input line 7. on
 input line 7.
Package pdftex.def Info: Requested size: 614.58406pt x 795.3441pt on input line
 7.
 [55 <../output/thesis.pdf>]
<../output/thesis.pdf, id=858, page=50, pagebox=cropbox, 614.295pt x 794.97pt>
File: ../output/thesis.pdf Graphic file (type pdf)
<use ../output/thesis.pdf, page 50>
Package pdftex.def Info: ../output/thesis.pdf , page50 used on input line 7. on
 input line 7.
Package pdftex.def Info: Requested size: 614.58406pt x 795.3441pt on input line
 7.
File: ../output/thesis.pdf Graphic file (type pdf)
<use ../output/thesis.pdf, page 50>
Package pdftex.def Info: ../output/thesis.pdf , page50 used on input line 7. on
 input line 7.
Package pdftex.def Info: Requested size: 614.58406pt x 795.3441pt on input line
 7.
File: ../output/thesis.pdf Graphic file (type pdf)
<use ../output/thesis.pdf, page 50>
Package pdftex.def Info: ../output/thesis.pdf , page50 used on input line 7. on
 input line 7.
Package pdftex.def Info: Requested size: 614.58406pt x 795.3441pt on input line
 7.

[56 <../output/thesis.pdf>]
<../output/thesis.pdf, id=862, page=51, pagebox=cropbox, 614.295pt x 794.97pt>
File: ../output/thesis.pdf Graphic file (type pdf)
<use ../output/thesis.pdf, page 51>
Package pdftex.def Info: ../output/thesis.pdf , page51 used on input line 7. on
 input line 7.
Package pdftex.def Info: Requested size: 614.58406pt x 795.3441pt on input line
 7.
File: ../output/thesis.pdf Graphic file (type pdf)
<use ../output/thesis.pdf, page 51>
Package pdftex.def Info: ../output/thesis.pdf , page51 used on input line 7. on
 input line 7.
Package pdftex.def Info: Requested size: 614.58406pt x 795.3441pt on input line
 7.
File: ../output/thesis.pdf Graphic file (type pdf)
<use ../output/thesis.pdf, page 51>
Package pdftex.def Info: ../output/thesis.pdf , page51 used on input line 7. on
 input line 7.
Package pdftex.def Info: Requested size: 614.58406pt x 795.3441pt on input line
 7.
 [57 <../output/thesis.pdf>]
<../output/thesis.pdf, id=866, page=52, pagebox=cropbox, 614.295pt x 794.97pt>
File: ../output/thesis.pdf Graphic file (type pdf)
<use ../output/thesis.pdf, page 52>
Package pdftex.def Info: ../output/thesis.pdf , page52 used on input line 7. on
 input line 7.
Package pdftex.def Info: Requested size: 614.58406pt x 795.3441pt on input line
 7.
File: ../output/thesis.pdf Graphic file (type pdf)
<use ../output/thesis.pdf, page 52>
Package pdftex.def Info: ../output/thesis.pdf , page52 used on input line 7. on
 input line 7.
Package pdftex.def Info: Requested size: 614.58406pt x 795.3441pt on input line
 7.
File: ../output/thesis.pdf Graphic file (type pdf)
<use ../output/thesis.pdf, page 52>
Package pdftex.def Info: ../output/thesis.pdf , page52 used on input line 7. on
 input line 7.
Package pdftex.def Info: Requested size: 614.58406pt x 795.3441pt on input line
 7.
 [58 <../output/thesis.pdf>]
<../output/thesis.pdf, id=870, page=53, pagebox=cropbox, 614.295pt x 794.97pt>
File: ../output/thesis.pdf Graphic file (type pdf)
<use ../output/thesis.pdf, page 53>
Package pdftex.def Info: ../output/thesis.pdf , page53 used on input line 7. on
 input line 7.
Package pdftex.def Info: Requested size: 614.58406pt x 795.3441pt on input line
 7.
File: ../output/thesis.pdf Graphic file (type pdf)
<use ../output/thesis.pdf, page 53>
Package pdftex.def Info: ../output/thesis.pdf , page53 used on input line 7. on
 input line 7.
Package pdftex.def Info: Requested size: 614.58406pt x 795.3441pt on input line
 7.
File: ../output/thesis.pdf Graphic file (type pdf)
<use ../output/thesis.pdf, page 53>
Package pdftex.def Info: ../output/thesis.pdf , page53 used on input line 7. on
 input line 7.
Package pdftex.def Info: Requested size: 614.58406pt x 795.3441pt on input line
 7.
 [59 <../output/thesis.pdf>]
<../output/thesis.pdf, id=874, page=54, pagebox=cropbox, 614.295pt x 794.97pt>
File: ../output/thesis.pdf Graphic file (type pdf)
<use ../output/thesis.pdf, page 54>
Package pdftex.def Info: ../output/thesis.pdf , page54 used on input line 7. on
 input line 7.
Package pdftex.def Info: Requested size: 614.58406pt x 795.3441pt on input line
 7.
File: ../output/thesis.pdf Graphic file (type pdf)
<use ../output/thesis.pdf, page 54>
Package pdftex.def Info: ../output/thesis.pdf , page54 used on input line 7. on
 input line 7.
Package pdftex.def Info: Requested size: 614.58406pt x 795.3441pt on input line
 7.
File: ../output/thesis.pdf Graphic file (type pdf)
<use ../output/thesis.pdf, page 54>
Package pdftex.def Info: ../output/thesis.pdf , page54 used on input line 7. on
 input line 7.
Package pdftex.def Info: Requested size: 614.58406pt x 795.3441pt on input line
 7.
 [60 <../output/thesis.pdf>]
<../output/thesis.pdf, id=878, page=55, pagebox=cropbox, 614.295pt x 794.97pt>
File: ../output/thesis.pdf Graphic file (type pdf)
<use ../output/thesis.pdf, page 55>
Package pdftex.def Info: ../output/thesis.pdf , page55 used on input line 7. on
 input line 7.
Package pdftex.def Info: Requested size: 614.58406pt x 795.3441pt on input line
 7.
File: ../output/thesis.pdf Graphic file (type pdf)
<use ../output/thesis.pdf, page 55>
Package pdftex.def Info: ../output/thesis.pdf , page55 used on input line 7. on
 input line 7.
Package pdftex.def Info: Requested size: 614.58406pt x 795.3441pt on input line
 7.
File: ../output/thesis.pdf Graphic file (type pdf)
<use ../output/thesis.pdf, page 55>
Package pdftex.def Info: ../output/thesis.pdf , page55 used on input line 7. on
 input line 7.
Package pdftex.def Info: Requested size: 614.58406pt x 795.3441pt on input line
 7.
 [61 <../output/thesis.pdf>]
<../output/thesis.pdf, id=883, page=56, pagebox=cropbox, 614.295pt x 794.97pt>
File: ../output/thesis.pdf Graphic file (type pdf)
<use ../output/thesis.pdf, page 56>
Package pdftex.def Info: ../output/thesis.pdf , page56 used on input line 7. on
 input line 7.
Package pdftex.def Info: Requested size: 614.58406pt x 795.3441pt on input line
 7.
File: ../output/thesis.pdf Graphic file (type pdf)
<use ../output/thesis.pdf, page 56>
Package pdftex.def Info: ../output/thesis.pdf , page56 used on input line 7. on
 input line 7.
Package pdftex.def Info: Requested size: 614.58406pt x 795.3441pt on input line
 7.
File: ../output/thesis.pdf Graphic file (type pdf)
<use ../output/thesis.pdf, page 56>
Package pdftex.def Info: ../output/thesis.pdf , page56 used on input line 7. on
 input line 7.
Package pdftex.def Info: Requested size: 614.58406pt x 795.3441pt on input line
 7.
 [62 <../output/thesis.pdf>]
<../output/thesis.pdf, id=887, page=57, pagebox=cropbox, 614.295pt x 794.97pt>
File: ../output/thesis.pdf Graphic file (type pdf)
<use ../output/thesis.pdf, page 57>
Package pdftex.def Info: ../output/thesis.pdf , page57 used on input line 7. on
 input line 7.
Package pdftex.def Info: Requested size: 614.58406pt x 795.3441pt on input line
 7.
File: ../output/thesis.pdf Graphic file (type pdf)
<use ../output/thesis.pdf, page 57>
Package pdftex.def Info: ../output/thesis.pdf , page57 used on input line 7. on
 input line 7.
Package pdftex.def Info: Requested size: 614.58406pt x 795.3441pt on input line
 7.
File: ../output/thesis.pdf Graphic file (type pdf)
<use ../output/thesis.pdf, page 57>
Package pdftex.def Info: ../output/thesis.pdf , page57 used on input line 7. on
 input line 7.
Package pdftex.def Info: Requested size: 614.58406pt x 795.3441pt on input line
 7.
 [63 <../output/thesis.pdf>]
<../output/thesis.pdf, id=891, page=58, pagebox=cropbox, 614.295pt x 794.97pt>
File: ../output/thesis.pdf Graphic file (type pdf)
<use ../output/thesis.pdf, page 58>
Package pdftex.def Info: ../output/thesis.pdf , page58 used on input line 7. on
 input line 7.
Package pdftex.def Info: Requested size: 614.58406pt x 795.3441pt on input line
 7.
File: ../output/thesis.pdf Graphic file (type pdf)
<use ../output/thesis.pdf, page 58>
Package pdftex.def Info: ../output/thesis.pdf , page58 used on input line 7. on
 input line 7.
Package pdftex.def Info: Requested size: 614.58406pt x 795.3441pt on input line
 7.
File: ../output/thesis.pdf Graphic file (type pdf)
<use ../output/thesis.pdf, page 58>
Package pdftex.def Info: ../output/thesis.pdf , page58 used on input line 7. on
 input line 7.
Package pdftex.def Info: Requested size: 614.58406pt x 795.3441pt on input line
 7.
 [64 <../output/thesis.pdf>]
<../output/thesis.pdf, id=895, page=59, pagebox=cropbox, 614.295pt x 794.97pt>
File: ../output/thesis.pdf Graphic file (type pdf)
<use ../output/thesis.pdf, page 59>
Package pdftex.def Info: ../output/thesis.pdf , page59 used on input line 7. on
 input line 7.
Package pdftex.def Info: Requested size: 614.58406pt x 795.3441pt on input line
 7.
File: ../output/thesis.pdf Graphic file (type pdf)
<use ../output/thesis.pdf, page 59>
Package pdftex.def Info: ../output/thesis.pdf , page59 used on input line 7. on
 input line 7.
Package pdftex.def Info: Requested size: 614.58406pt x 795.3441pt on input line
 7.
File: ../output/thesis.pdf Graphic file (type pdf)
<use ../output/thesis.pdf, page 59>
Package pdftex.def Info: ../output/thesis.pdf , page59 used on input line 7. on
 input line 7.
Package pdftex.def Info: Requested size: 614.58406pt x 795.3441pt on input line
 7.
 [65 <../output/thesis.pdf>]
<../output/thesis.pdf, id=899, page=60, pagebox=cropbox, 614.295pt x 794.97pt>
File: ../output/thesis.pdf Graphic file (type pdf)
<use ../output/thesis.pdf, page 60>
Package pdftex.def Info: ../output/thesis.pdf , page60 used on input line 7. on
 input line 7.
Package pdftex.def Info: Requested size: 614.58406pt x 795.3441pt on input line
 7.
File: ../output/thesis.pdf Graphic file (type pdf)
<use ../output/thesis.pdf, page 60>
Package pdftex.def Info: ../output/thesis.pdf , page60 used on input line 7. on
 input line 7.
Package pdftex.def Info: Requested size: 614.58406pt x 795.3441pt on input line
 7.
File: ../output/thesis.pdf Graphic file (type pdf)
<use ../output/thesis.pdf, page 60>
Package pdftex.def Info: ../output/thesis.pdf , page60 used on input line 7. on
 input line 7.
Package pdftex.def Info: Requested size: 614.58406pt x 795.3441pt on input line
 7.
 [66 <../output/thesis.pdf>]
<../output/thesis.pdf, id=903, page=61, pagebox=cropbox, 614.295pt x 794.97pt>
File: ../output/thesis.pdf Graphic file (type pdf)
<use ../output/thesis.pdf, page 61>
Package pdftex.def Info: ../output/thesis.pdf , page61 used on input line 7. on
 input line 7.
Package pdftex.def Info: Requested size: 614.58406pt x 795.3441pt on input line
 7.
File: ../output/thesis.pdf Graphic file (type pdf)
<use ../output/thesis.pdf, page 61>
Package pdftex.def Info: ../output/thesis.pdf , page61 used on input line 7. on
 input line 7.
Package pdftex.def Info: Requested size: 614.58406pt x 795.3441pt on input line
 7.
File: ../output/thesis.pdf Graphic file (type pdf)
<use ../output/thesis.pdf, page 61>
Package pdftex.def Info: ../output/thesis.pdf , page61 used on input line 7. on
 input line 7.
Package pdftex.def Info: Requested size: 614.58406pt x 795.3441pt on input line
 7.
 [67 <../output/thesis.pdf>]
<../output/thesis.pdf, id=908, page=62, pagebox=cropbox, 614.295pt x 794.97pt>
File: ../output/thesis.pdf Graphic file (type pdf)
<use ../output/thesis.pdf, page 62>
Package pdftex.def Info: ../output/thesis.pdf , page62 used on input line 7. on
 input line 7.
Package pdftex.def Info: Requested size: 614.58406pt x 795.3441pt on input line
 7.
File: ../output/thesis.pdf Graphic file (type pdf)
<use ../output/thesis.pdf, page 62>
Package pdftex.def Info: ../output/thesis.pdf , page62 used on input line 7. on
 input line 7.
Package pdftex.def Info: Requested size: 614.58406pt x 795.3441pt on input line
 7.
File: ../output/thesis.pdf Graphic file (type pdf)
<use ../output/thesis.pdf, page 62>
Package pdftex.def Info: ../output/thesis.pdf , page62 used on input line 7. on
 input line 7.
Package pdftex.def Info: Requested size: 614.58406pt x 795.3441pt on input line
 7.
 [68 <../output/thesis.pdf>]
<../output/thesis.pdf, id=912, page=63, pagebox=cropbox, 614.295pt x 794.97pt>
File: ../output/thesis.pdf Graphic file (type pdf)
<use ../output/thesis.pdf, page 63>
Package pdftex.def Info: ../output/thesis.pdf , page63 used on input line 7. on
 input line 7.
Package pdftex.def Info: Requested size: 614.58406pt x 795.3441pt on input line
 7.
File: ../output/thesis.pdf Graphic file (type pdf)
<use ../output/thesis.pdf, page 63>
Package pdftex.def Info: ../output/thesis.pdf , page63 used on input line 7. on
 input line 7.
Package pdftex.def Info: Requested size: 614.58406pt x 795.3441pt on input line
 7.
File: ../output/thesis.pdf Graphic file (type pdf)
<use ../output/thesis.pdf, page 63>
Package pdftex.def Info: ../output/thesis.pdf , page63 used on input line 7. on
 input line 7.
Package pdftex.def Info: Requested size: 614.58406pt x 795.3441pt on input line
 7.
 [69 <../output/thesis.pdf>]
<../output/thesis.pdf, id=916, page=64, pagebox=cropbox, 614.295pt x 794.97pt>
File: ../output/thesis.pdf Graphic file (type pdf)
<use ../output/thesis.pdf, page 64>
Package pdftex.def Info: ../output/thesis.pdf , page64 used on input line 7. on
 input line 7.
Package pdftex.def Info: Requested size: 614.58406pt x 795.3441pt on input line
 7.
File: ../output/thesis.pdf Graphic file (type pdf)
<use ../output/thesis.pdf, page 64>
Package pdftex.def Info: ../output/thesis.pdf , page64 used on input line 7. on
 input line 7.
Package pdftex.def Info: Requested size: 614.58406pt x 795.3441pt on input line
 7.
File: ../output/thesis.pdf Graphic file (type pdf)
<use ../output/thesis.pdf, page 64>
Package pdftex.def Info: ../output/thesis.pdf , page64 used on input line 7. on
 input line 7.
Package pdftex.def Info: Requested size: 614.58406pt x 795.3441pt on input line
 7.

[70 <../output/thesis.pdf>] (./combine.aux) ) 
Here is how much of TeX's memory you used:
 2943 strings out of 492990
 47473 string characters out of 6136334
 101424 words of memory out of 5000000
 6477 multiletter control sequences out of 15000+600000
 3640 words of font info for 14 fonts, out of 8000000 for 9000
 1141 hyphenation exceptions out of 8191
 41i,18n,46p,276b,429s stack positions out of 5000i,500n,10000p,200000b,80000s
<c:/texlive/2016/texmf-dist/fonts/
type1/arphic/gbsnu/gbsnu4f.pfb><c:/texlive/2016/texmf-dist/fonts/type1/arphic/g
bsnu/gbsnu8c.pfb><c:/texlive/2016/texmf-dist/fonts/type1/public/lm/lmbx12.pfb><
c:/texlive/2016/texmf-dist/fonts/type1/public/lm/lmex10.pfb><c:/texlive/2016/te
xmf-dist/fonts/type1/public/lm/lmmi12.pfb><c:/texlive/2016/texmf-dist/fonts/typ
e1/public/lm/lmmi6.pfb><c:/texlive/2016/texmf-dist/fonts/type1/public/lm/lmmi8.
pfb><c:/texlive/2016/texmf-dist/fonts/type1/public/lm/lmr10.pfb><c:/texlive/201
6/texmf-dist/fonts/type1/public/lm/lmr12.pfb><c:/texlive/2016/texmf-dist/fonts/
type1/public/lm/lmr8.pfb><c:/texlive/2016/texmf-dist/fonts/type1/public/lm/lmri
10.pfb><c:/texlive/2016/texmf-dist/fonts/type1/public/lm/lmri12.pfb><c:/texlive
/2016/texmf-dist/fonts/type1/public/lm/lmri8.pfb><c:/texlive/2016/texmf-dist/fo
nts/type1/public/lm/lmsy10.pfb><c:/texlive/2016/texmf-dist/fonts/type1/public/l
m/lmsy8.pfb>
Output written on combine.pdf (70 pages, 5311256 bytes).
PDF statistics:
 940 PDF objects out of 1000 (max. 8388607)
 597 compressed objects within 6 object streams
 0 named destinations out of 1000 (max. 500000)
 381 words of extra memory for PDF output out of 10000 (max. 10000000)

